2018-03-01 10:23:00.931 ERROR 1468 --- [main] o.s.boot.SpringApplication               : Application run failed

org.springframework.boot.context.properties.bind.BindException: Failed to bind properties under 'logging.level' to java.util.Map<java.lang.String, java.lang.String>
	at org.springframework.boot.context.properties.bind.Binder.handleBindError(Binder.java:250) ~[spring-boot-2.0.0.RC2.jar:2.0.0.RC2]
	at org.springframework.boot.context.properties.bind.Binder.bind(Binder.java:226) ~[spring-boot-2.0.0.RC2.jar:2.0.0.RC2]
	at org.springframework.boot.context.properties.bind.Binder.bind(Binder.java:210) ~[spring-boot-2.0.0.RC2.jar:2.0.0.RC2]
	at org.springframework.boot.context.properties.bind.Binder.bind(Binder.java:166) ~[spring-boot-2.0.0.RC2.jar:2.0.0.RC2]
	at org.springframework.boot.context.logging.LoggingApplicationListener.setLogLevels(LoggingApplicationListener.java:306) ~[spring-boot-2.0.0.RC2.jar:2.0.0.RC2]
	at org.springframework.boot.context.logging.LoggingApplicationListener.initializeFinalLoggingLevels(LoggingApplicationListener.java:289) ~[spring-boot-2.0.0.RC2.jar:2.0.0.RC2]
	at org.springframework.boot.context.logging.LoggingApplicationListener.initialize(LoggingApplicationListener.java:237) ~[spring-boot-2.0.0.RC2.jar:2.0.0.RC2]
	at org.springframework.boot.context.logging.LoggingApplicationListener.onApplicationEnvironmentPreparedEvent(LoggingApplicationListener.java:199) ~[spring-boot-2.0.0.RC2.jar:2.0.0.RC2]
	at org.springframework.boot.context.logging.LoggingApplicationListener.onApplicationEvent(LoggingApplicationListener.java:172) ~[spring-boot-2.0.0.RC2.jar:2.0.0.RC2]
	at org.springframework.context.event.SimpleApplicationEventMulticaster.doInvokeListener(SimpleApplicationEventMulticaster.java:172) ~[spring-context-5.0.4.RELEASE.jar:5.0.4.RELEASE]
	at org.springframework.context.event.SimpleApplicationEventMulticaster.invokeListener(SimpleApplicationEventMulticaster.java:165) ~[spring-context-5.0.4.RELEASE.jar:5.0.4.RELEASE]
	at org.springframework.context.event.SimpleApplicationEventMulticaster.multicastEvent(SimpleApplicationEventMulticaster.java:139) ~[spring-context-5.0.4.RELEASE.jar:5.0.4.RELEASE]
	at org.springframework.context.event.SimpleApplicationEventMulticaster.multicastEvent(SimpleApplicationEventMulticaster.java:127) ~[spring-context-5.0.4.RELEASE.jar:5.0.4.RELEASE]
	at org.springframework.boot.context.event.EventPublishingRunListener.environmentPrepared(EventPublishingRunListener.java:74) ~[spring-boot-2.0.0.RC2.jar:2.0.0.RC2]
	at org.springframework.boot.SpringApplicationRunListeners.environmentPrepared(SpringApplicationRunListeners.java:54) ~[spring-boot-2.0.0.RC2.jar:2.0.0.RC2]
	at org.springframework.boot.SpringApplication.prepareEnvironment(SpringApplication.java:351) [spring-boot-2.0.0.RC2.jar:2.0.0.RC2]
	at org.springframework.boot.SpringApplication.run(SpringApplication.java:317) [spring-boot-2.0.0.RC2.jar:2.0.0.RC2]
	at org.springframework.boot.SpringApplication.run(SpringApplication.java:1246) [spring-boot-2.0.0.RC2.jar:2.0.0.RC2]
	at org.springframework.boot.SpringApplication.run(SpringApplication.java:1234) [spring-boot-2.0.0.RC2.jar:2.0.0.RC2]
	at com.example.company.CompanyApplication.main(CompanyApplication.java:10) [classes/:na]
Caused by: org.springframework.core.convert.ConverterNotFoundException: No converter found capable of converting from type [java.lang.String] to type [java.util.Map<java.lang.String, java.lang.String>]
	at org.springframework.core.convert.support.GenericConversionService.handleConverterNotFound(GenericConversionService.java:321) ~[spring-core-5.0.4.RELEASE.jar:5.0.4.RELEASE]
	at org.springframework.core.convert.support.GenericConversionService.convert(GenericConversionService.java:194) ~[spring-core-5.0.4.RELEASE.jar:5.0.4.RELEASE]
	at org.springframework.boot.context.properties.bind.BindConverter.convert(BindConverter.java:75) ~[spring-boot-2.0.0.RC2.jar:2.0.0.RC2]
	at org.springframework.boot.context.properties.bind.BindConverter.convert(BindConverter.java:63) ~[spring-boot-2.0.0.RC2.jar:2.0.0.RC2]
	at org.springframework.boot.context.properties.bind.MapBinder.bindAggregate(MapBinder.java:66) ~[spring-boot-2.0.0.RC2.jar:2.0.0.RC2]
	at org.springframework.boot.context.properties.bind.AggregateBinder.bind(AggregateBinder.java:58) ~[spring-boot-2.0.0.RC2.jar:2.0.0.RC2]
	at org.springframework.boot.context.properties.bind.Binder.lambda$bindAggregate$2(Binder.java:306) ~[spring-boot-2.0.0.RC2.jar:2.0.0.RC2]
	at org.springframework.boot.context.properties.bind.Binder$Context.withIncreasedDepth(Binder.java:439) ~[spring-boot-2.0.0.RC2.jar:2.0.0.RC2]
	at org.springframework.boot.context.properties.bind.Binder$Context.access$100(Binder.java:379) ~[spring-boot-2.0.0.RC2.jar:2.0.0.RC2]
	at org.springframework.boot.context.properties.bind.Binder.bindAggregate(Binder.java:305) ~[spring-boot-2.0.0.RC2.jar:2.0.0.RC2]
	at org.springframework.boot.context.properties.bind.Binder.bindObject(Binder.java:263) ~[spring-boot-2.0.0.RC2.jar:2.0.0.RC2]
	at org.springframework.boot.context.properties.bind.Binder.bind(Binder.java:221) ~[spring-boot-2.0.0.RC2.jar:2.0.0.RC2]
	... 18 common frames omitted

